t	N	x	E	sin(t)
1.000000e+02	1.000205e+00	5.003363e-01	3.971457e+02	9.008578e-01
2.000000e+02	1.000401e+00	4.999206e-01	3.972222e+02	-7.821505e-01
3.000000e+02	1.000190e+00	5.002481e-01	3.971370e+02	-2.217728e-01
4.000000e+02	1.000018e+00	4.999495e-01	3.970686e+02	9.747000e-01
5.000000e+02	1.000245e+00	5.003147e-01	3.971593e+02	-6.244876e-01
6.000000e+02	1.000396e+00	4.997568e-01	3.972204e+02	-4.325032e-01
7.000000e+02	1.000148e+00	5.006617e-01	3.971233e+02	9.999984e-01
8.000000e+02	1.000006e+00	4.994780e-01	3.970671e+02	-4.357221e-01
9.000000e+02	1.000261e+00	5.004726e-01	3.971678e+02	-6.216929e-01
1.000000e+03	1.000391e+00	4.999005e-01	3.972180e+02	9.754924e-01
1.100000e+03	1.000137e+00	5.005210e-01	3.971156e+02	-2.252556e-01
1.200000e+03	1.000034e+00	4.993785e-01	3.970744e+02	-7.799195e-01
1.300000e+03	1.000297e+00	5.008085e-01	3.971801e+02	9.024025e-01
1.400000e+03	1.000375e+00	4.997201e-01	3.972127e+02	-3.570341e-03
1.500000e+03	1.000096e+00	5.003068e-01	3.971030e+02	-8.993026e-01
1.600000e+03	1.000029e+00	4.997617e-01	3.970763e+02	7.843688e-01
1.700000e+03	1.000312e+00	5.005503e-01	3.971873e+02	2.182927e-01
1.800000e+03	1.000365e+00	4.996993e-01	3.972073e+02	-9.738964e-01
1.900000e+03	1.000089e+00	5.004052e-01	3.970971e+02	6.272700e-01
2.000000e+03	1.000064e+00	4.999495e-01	3.970871e+02	4.292838e-01
2.100000e+03	1.000342e+00	5.000759e-01	3.971982e+02	-9.999856e-01
2.200000e+03	1.000340e+00	5.002375e-01	3.971984e+02	4.389426e-01
2.300000e+03	1.000052e+00	5.000741e-01	3.970848e+02	6.188769e-01
2.400000e+03	1.000066e+00	4.999913e-01	3.970912e+02	-9.762780e-01
2.500000e+03	1.000354e+00	4.999849e-01	3.972049e+02	2.287695e-01
2.600000e+03	1.000327e+00	5.006357e-01	3.971923e+02	7.776506e-01
2.700000e+03	1.000051e+00	4.994515e-01	3.970814e+02	-9.039590e-01
2.800000e+03	1.000105e+00	5.005417e-01	3.971026e+02	7.205310e-03
2.900000e+03	1.000376e+00	4.997994e-01	3.972117e+02	8.977030e-01
3.000000e+03	1.000294e+00	5.006296e-01	3.971814e+02	-7.866295e-01
3.100000e+03	1.000019e+00	4.992625e-01	3.970728e+02	-2.147176e-01
3.200000e+03	1.000114e+00	5.009999e-01	3.971098e+02	9.730565e-01
3.300000e+03	1.000384e+00	4.992569e-01	3.972155e+02	-6.301317e-01
3.400000e+03	1.000279e+00	5.009175e-01	3.971726e+02	-4.259492e-01
3.500000e+03	1.000026e+00	4.993185e-01	3.970720e+02	9.999590e-01
3.600000e+03	1.000155e+00	5.009126e-01	3.971236e+02	-4.422580e-01
3.700000e+03	1.000396e+00	4.991491e-01	3.972201e+02	-6.159717e-01
3.800000e+03	1.000241e+00	5.012441e-01	3.971597e+02	9.770710e-01
3.900000e+03	1.000001e+00	4.990181e-01	3.970651e+02	-2.323632e-01
4.000000e+03	1.000168e+00	5.008498e-01	3.971314e+02	-7.753234e-01
4.100000e+03	1.000400e+00	4.994766e-01	3.972221e+02	9.055321e-01
4.200000e+03	1.000225e+00	5.009791e-01	3.971512e+02	-1.089835e-02
4.300000e+03	1.000016e+00	4.990178e-01	3.970675e+02	-8.960697e-01
4.400000e+03	1.000210e+00	5.010354e-01	3.971450e+02	7.889044e-01
4.500000e+03	1.000401e+00	4.995184e-01	3.972225e+02	2.111091e-01
4.600000e+03	1.000184e+00	5.005642e-01	3.971378e+02	-9.721984e-01
4.700000e+03	9.999988e-01	4.995193e-01	3.970643e+02	6.329951e-01
4.800000e+03	1.000225e+00	5.007191e-01	3.971534e+02	4.226049e-01
4.900000e+03	1.000399e+00	4.995491e-01	3.972213e+02	-9.999188e-01
5.000000e+03	1.000170e+00	5.005619e-01	3.971295e+02	4.455674e-01
5.100000e+03	1.000022e+00	4.998188e-01	3.970702e+02	6.130581e-01
5.200000e+03	1.000264e+00	5.001910e-01	3.971669e+02	-9.778507e-01
5.300000e+03	1.000390e+00	5.000615e-01	3.972180e+02	2.359537e-01
5.400000e+03	1.000129e+00	5.003220e-01	3.971155e+02	7.729856e-01
5.500000e+03	1.000012e+00	4.997751e-01	3.970700e+02	-9.070928e-01
5.600000e+03	1.000280e+00	5.001402e-01	3.971754e+02	1.459124e-02
5.700000e+03	1.000383e+00	5.004109e-01	3.972148e+02	8.944241e-01
5.800000e+03	1.000119e+00	4.998254e-01	3.971085e+02	-7.911685e-01
5.900000e+03	1.000043e+00	5.001044e-01	3.970782e+02	-2.074977e-01
6.000000e+03	1.000314e+00	5.002052e-01	3.971870e+02	9.713269e-01
6.100000e+03	1.000364e+00	5.002112e-01	3.972082e+02	-6.358499e-01
6.200000e+03	1.000079e+00	4.997979e-01	3.970959e+02	-4.192549e-01
6.300000e+03	1.000041e+00	5.003619e-01	3.970811e+02	9.998649e-01
6.400000e+03	1.000328e+00	4.999391e-01	3.971943e+02	-4.488706e-01
6.500000e+03	1.000353e+00	5.001728e-01	3.972026e+02	-6.101362e-01
6.600000e+03	1.000074e+00	5.001484e-01	3.970909e+02	9.786170e-01
6.700000e+03	1.000077e+00	5.000365e-01	3.970918e+02	-2.395410e-01
6.800000e+03	1.000356e+00	5.000419e-01	3.972034e+02	-7.706373e-01
6.900000e+03	1.000325e+00	5.002681e-01	3.971930e+02	9.086412e-01
7.000000e+03	1.000038e+00	5.001395e-01	3.970803e+02	-1.828392e-02
7.100000e+03	1.000082e+00	4.996704e-01	3.970975e+02	-8.927663e-01
7.200000e+03	1.000367e+00	5.006010e-01	3.972089e+02	7.934219e-01
7.300000e+03	1.000311e+00	4.998539e-01	3.971851e+02	2.038835e-01
7.400000e+03	1.000041e+00	5.002554e-01	3.970775e+02	-9.704423e-01
7.500000e+03	1.000122e+00	4.996955e-01	3.971105e+02	6.386960e-01
7.600000e+03	1.000385e+00	5.008439e-01	3.972157e+02	4.158991e-01
7.700000e+03	1.000276e+00	4.992995e-01	3.971735e+02	-9.997974e-01
7.800000e+03	1.000011e+00	5.008006e-01	3.970688e+02	4.521678e-01
7.900000e+03	1.000133e+00	4.994000e-01	3.971172e+02	6.072059e-01
8.000000e+03	1.000391e+00	5.008492e-01	3.972191e+02	-9.793700e-01
8.100000e+03	1.000260e+00	4.992836e-01	3.971655e+02	2.431250e-01
8.200000e+03	1.000021e+00	5.011053e-01	3.970695e+02	7.682803e-01
8.300000e+03	1.000175e+00	4.989344e-01	3.971307e+02	-9.101612e-01
8.400000e+03	1.000400e+00	5.012186e-01	3.972215e+02	2.190170e-02
8.500000e+03	1.000221e+00	4.992427e-01	3.971522e+02	8.911466e-01
8.600000e+03	9.999983e-01	5.008869e-01	3.970645e+02	-7.955757e-01
8.700000e+03	1.000189e+00	4.990038e-01	3.971391e+02	-2.004452e-01
8.800000e+03	1.000401e+00	5.014289e-01	3.972221e+02	9.695978e-01
8.900000e+03	1.000206e+00	4.989597e-01	3.971433e+02	-6.413384e-01
9.000000e+03	1.000017e+00	5.009284e-01	3.970681e+02	-4.128019e-01
9.100000e+03	1.000230e+00	4.993501e-01	3.971533e+02	9.997239e-01
9.200000e+03	1.000399e+00	5.010264e-01	3.972214e+02	-4.551365e-01
9.300000e+03	1.000164e+00	4.991014e-01	3.971291e+02	-6.045843e-01
9.400000e+03	1.000002e+00	5.009842e-01	3.970656e+02	9.800234e-01
9.500000e+03	1.000245e+00	4.993393e-01	3.971619e+02	-2.462505e-01
9.600000e+03	1.000395e+00	5.007143e-01	3.972201e+02	-7.662341e-01
9.700000e+03	1.000151e+00	4.996693e-01	3.971216e+02	9.114782e-01
9.800000e+03	1.000028e+00	5.005184e-01	3.970718e+02	-2.509133e-02
9.900000e+03	1.000283e+00	4.995479e-01	3.971741e+02	-8.896945e-01
1.000000e+04	1.000382e+00	5.006875e-01	3.972155e+02	7.975046e-01
