t	N	x	E	sin(t)
1.000010e+01	1.000007e+00	3.362781e-01	1.405559e+01	-3.814682e-01
2.000020e+01	1.000005e+00	4.487590e-01	1.892200e+01	7.052447e-01
3.000030e+01	9.999987e-01	5.536334e-01	7.567575e+00	-9.223627e-01
4.000040e+01	9.999993e-01	5.007620e-01	7.888047e+00	9.999862e-01
5.000050e+01	1.000011e+00	5.194889e-01	1.909107e+01	-9.263756e-01
6.000060e+01	9.999982e-01	6.272867e-01	1.370090e+01	7.126636e-01
7.000070e+01	9.999984e-01	5.092976e-01	4.942108e+00	-3.911711e-01
8.000080e+01	1.000007e+00	3.271575e-01	1.438776e+01	1.051941e-02
9.000090e+01	1.000007e+00	4.207549e-01	1.874829e+01	3.717232e-01
1.000010e+02	9.999970e-01	5.950214e-01	7.276142e+00	-6.977478e-01
1.100011e+02	1.000001e+00	5.593178e-01	8.221943e+00	9.182478e-01
1.200012e+02	1.000012e+00	4.905644e-01	1.924704e+01	-9.998755e-01
1.300013e+02	9.999994e-01	5.692372e-01	1.331553e+01	9.302860e-01
1.400014e+02	1.000001e+00	5.142779e-01	4.967370e+00	-7.200036e-01
1.500015e+02	1.000006e+00	3.462022e-01	1.471688e+01	4.008306e-01
1.600016e+02	1.000008e+00	4.034349e-01	1.857034e+01	-2.103763e-02
1.700017e+02	9.999980e-01	6.175196e-01	7.018052e+00	-3.619370e-01
1.800018e+02	1.000005e+00	6.119422e-01	8.551142e+00	6.901737e-01
1.900019e+02	1.000010e+00	4.698965e-01	1.938018e+01	-9.140312e-01
2.000020e+02	1.000002e+00	4.989884e-01	1.290814e+01	9.996542e-01
2.100021e+02	1.000005e+00	5.117864e-01	5.014709e+00	-9.340934e-01
2.200022e+02	1.000006e+00	3.893240e-01	1.506025e+01	7.272639e-01
2.300023e+02	1.000008e+00	4.019064e-01	1.837964e+01	-4.104458e-01
2.400024e+02	1.000002e+00	6.190257e-01	6.784929e+00	3.155353e-02
2.500025e+02	1.000010e+00	6.488387e-01	8.866433e+00	3.521108e-01
2.600026e+02	1.000006e+00	4.603818e-01	1.948566e+01	-6.825232e-01
2.700027e+02	1.000005e+00	4.284183e-01	1.249980e+01	9.097135e-01
2.800028e+02	1.000009e+00	5.007479e-01	5.086650e+00	-9.993223e-01
2.900029e+02	1.000008e+00	4.486112e-01	1.542200e+01	9.377975e-01
3.000030e+02	1.000006e+00	4.187963e-01	1.816397e+01	-7.344438e-01
3.100031e+02	1.000006e+00	6.012777e-01	6.562313e+00	4.200158e-01
3.200032e+02	1.000015e+00	6.627100e-01	9.173518e+00	-4.206620e-02
3.300033e+02	1.000003e+00	4.619910e-01	1.956574e+01	-3.422453e-01
3.400034e+02	1.000007e+00	3.692908e-01	1.211149e+01	6.747970e-01
3.500035e+02	1.000012e+00	4.825507e-01	5.180690e+00	-9.052950e-01
3.600036e+02	1.000012e+00	5.133778e-01	1.579034e+01	9.988797e-01
3.700037e+02	1.000003e+00	4.530518e-01	1.791572e+01	-9.413978e-01
3.800038e+02	1.000011e+00	5.694205e-01	6.339693e+00	7.415426e-01
3.900039e+02	1.000017e+00	6.499240e-01	9.489512e+00	-4.295394e-01
4.000040e+02	1.000004e+00	4.722766e-01	1.962705e+01	5.257429e-02
4.100041e+02	1.000008e+00	3.316195e-01	1.175131e+01	3.323419e-01
4.200042e+02	1.000014e+00	4.609188e-01	5.290281e+00	-6.669960e-01
4.300043e+02	1.000014e+00	5.726873e-01	1.614482e+01	9.007763e-01
4.400044e+02	1.000002e+00	4.999922e-01	1.763851e+01	-9.983267e-01
4.500045e+02	1.000014e+00	5.305513e-01	6.116932e+00	9.448940e-01
4.600046e+02	1.000016e+00	6.115204e-01	9.832026e+00	-7.485593e-01
4.700047e+02	1.000008e+00	4.866198e-01	1.967461e+01	4.390154e-01
4.800048e+02	1.000009e+00	3.215645e-01	1.140999e+01	-6.307656e-02
4.900049e+02	1.000015e+00	4.410731e-01	5.409473e+00	-3.224018e-01
5.000050e+02	1.000014e+00	6.168193e-01	1.646908e+01	6.591213e-01
5.100051e+02	1.000004e+00	5.521378e-01	1.734624e+01	-8.961579e-01
5.200052e+02	1.000016e+00	4.924375e-01	5.903511e+00	9.976631e-01
5.300053e+02	1.000013e+00	5.531843e-01	1.020699e+01	-9.482856e-01
5.400054e+02	1.000010e+00	5.000977e-01	1.970829e+01	7.554932e-01
5.500055e+02	1.000009e+00	3.405053e-01	1.106762e+01	-4.484429e-01
5.600056e+02	1.000015e+00	4.286771e-01	5.537938e+00	7.357185e-02
5.700057e+02	1.000011e+00	6.392902e-01	1.676023e+01	3.124259e-01
5.800058e+02	1.000009e+00	6.000769e-01	1.705491e+01	-6.511736e-01
5.900059e+02	1.000016e+00	4.617725e-01	5.711853e+00	8.914403e-01
6.000060e+02	1.000009e+00	4.841879e-01	1.060397e+01	-9.968891e-01
6.100061e+02	1.000011e+00	5.081125e-01	1.972367e+01	9.515723e-01
6.200062e+02	1.000011e+00	3.849178e-01	1.070655e+01	-7.623434e-01
6.300063e+02	1.000014e+00	4.283775e-01	5.682248e+00	4.578207e-01
6.400064e+02	1.000007e+00	6.377708e-01	1.702908e+01	-8.405899e-02
6.500065e+02	1.000013e+00	6.347789e-01	1.677269e+01	-3.024155e-01
6.600066e+02	1.000015e+00	4.430506e-01	5.549433e+00	6.431538e-01
6.700067e+02	1.000006e+00	4.161447e-01	1.100175e+01	-8.866241e-01
6.800068e+02	1.000010e+00	5.079984e-01	1.971598e+01	9.960049e-01
6.900069e+02	1.000014e+00	4.467949e-01	1.032321e+01	-9.547537e-01
7.000070e+02	1.000012e+00	4.427030e-01	5.851814e+00	7.691093e-01
7.100071e+02	1.000002e+00	6.141151e-01	1.729251e+01	-4.671479e-01
7.200072e+02	1.000015e+00	6.487710e-01	1.649418e+01	9.453683e-02
7.300073e+02	1.000013e+00	4.378489e-01	5.415043e+00	2.923716e-01
7.400074e+02	1.000004e+00	3.605396e-01	1.138088e+01	-6.350629e-01
7.500075e+02	1.000008e+00	4.994942e-01	1.968456e+01	8.817098e-01
7.600076e+02	1.000015e+00	5.155082e-01	9.930552e+00	-9.950103e-01
7.700077e+02	1.000009e+00	4.711983e-01	6.052063e+00	9.578294e-01
7.800078e+02	9.999997e-01	5.742024e-01	1.756185e+01	-7.757901e-01
7.900079e+02	1.000014e+00	6.381569e-01	1.620335e+01	4.764234e-01
8.000080e+02	1.000010e+00	4.447182e-01	5.301231e+00	-1.050042e-01
8.100081e+02	1.000004e+00	3.270799e-01	1.173556e+01	-2.822954e-01
8.200082e+02	1.000004e+00	4.847205e-01	1.963363e+01	6.269017e-01
8.300083e+02	1.000014e+00	5.793383e-01	9.550158e+00	-8.766979e-01
8.400084e+02	1.000005e+00	5.101977e-01	6.279329e+00	9.939057e-01
8.500085e+02	1.000002e+00	5.260732e-01	1.783587e+01	-9.607991e-01
8.600086e+02	1.000011e+00	6.032767e-01	1.588420e+01	7.823850e-01
8.700087e+02	1.000007e+00	4.598977e-01	5.200362e+00	-4.856461e-01
8.800088e+02	1.000004e+00	3.216232e-01	1.207702e+01	1.154600e-01
8.900089e+02	1.000003e+00	4.680914e-01	1.956872e+01	2.721879e-01
9.000090e+02	1.000010e+00	6.279079e-01	9.199195e+00	-6.186711e-01
9.100091e+02	1.000001e+00	5.534088e-01	6.521762e+00	8.715889e-01
9.200092e+02	1.000006e+00	4.788807e-01	1.810228e+01	-9.926911e-01
9.300093e+02	1.000006e+00	5.488519e-01	1.553151e+01	9.636625e-01
9.400094e+02	1.000003e+00	4.782314e-01	5.109938e+00	-7.888934e-01
9.500095e+02	1.000003e+00	3.452342e-01	1.242576e+01	4.948151e-01
9.600096e+02	1.000005e+00	4.546683e-01	1.949194e+01	-1.259030e-01
9.700097e+02	1.000005e+00	6.537795e-01	8.880490e+00	-2.620503e-01
9.800098e+02	9.999981e-01	5.928191e-01	6.766257e+00	6.103721e-01
9.900099e+02	1.000008e+00	4.406537e-01	1.834577e+01	-8.663836e-01
